\BOOKMARK [0][-]{chapter.1}{\376\377\000I\000n\000t\000r\000o\000d\000u\000c\000t\000i\000o\000n}{}% 1
\BOOKMARK [1][-]{section.2}{\376\377\000M\000o\000t\000i\000v\000a\000t\000i\000o\000n\000s}{chapter.1}% 2
\BOOKMARK [1][-]{section.3}{\376\377\000L\000i\000s\000t\000\040\000o\000f\000\040\000t\000h\000e\000\040\000s\000y\000m\000b\000o\000l\000s}{chapter.1}% 3
\BOOKMARK [2][-]{subsection.5}{\376\377\000D\000y\000n\000a\000m\000i\000c\000\040\000M\000o\000d\000e\000l}{section.3}% 4
\BOOKMARK [2][-]{subsection.29}{\376\377\000S\000e\000n\000s\000o\000r\000\040\000M\000o\000d\000e\000l}{section.3}% 5
\BOOKMARK [1][-]{section.44}{\376\377\000P\000e\000r\000f\000o\000r\000m\000a\000n\000c\000e\000\040\000V\000a\000r\000i\000a\000b\000l\000e\000s\000\040\000a\000n\000d\000\040\000C\000o\000n\000t\000r\000o\000l\000\040\000O\000b\000j\000e\000c\000t\000i\000v\000e\000s}{chapter.1}% 6
\BOOKMARK [2][-]{subsection.46}{\376\377\000S\000t\000a\000t\000e\000\040\000a\000n\000d\000\040\000R\000e\000f\000e\000r\000e\000n\000c\000e\000\040\000D\000e\000f\000i\000n\000i\000t\000i\000o\000n\000s}{section.44}% 7
\BOOKMARK [2][-]{subsection.48}{\376\377\000S\000u\000s\000p\000e\000n\000s\000i\000o\000n\000\040\000D\000e\000f\000l\000e\000c\000t\000i\000o\000n\000s}{section.44}% 8
\BOOKMARK [2][-]{subsection.51}{\376\377\000P\000e\000r\000f\000o\000r\000m\000a\000n\000c\000e\000\040\000V\000e\000c\000t\000o\000r\000\040\000D\000e\000f\000i\000n\000i\000t\000i\000o\000n}{section.44}% 9
\BOOKMARK [2][-]{subsection.60}{\376\377\000S\000y\000s\000t\000e\000m\000\040\000L\000i\000n\000e\000a\000r\000i\000z\000a\000t\000i\000o\000n}{section.44}% 10
\BOOKMARK [2][-]{subsection.90}{\376\377\000L\000i\000n\000e\000a\000r\000\040\000M\000o\000d\000e\000l\000\040\000A\000n\000a\000l\000y\000s\000i\000s}{section.44}% 11
\BOOKMARK [2][-]{subsection.94}{\376\377\000O\000p\000e\000n\000-\000L\000o\000o\000p\000\040\000D\000y\000n\000a\000m\000i\000c\000s}{section.44}% 12
\BOOKMARK [1][-]{section.97}{\376\377\000C\000o\000n\000t\000r\000o\000l}{chapter.1}% 13
\BOOKMARK [0][-]{chapter.125}{\376\377\000A\000p\000p\000l\000i\000c\000a\000t\000i\000o\000n}{}% 14
\BOOKMARK [1][-]{section.126}{\376\377\000S\000i\000m\000u\000l\000a\000t\000o\000r\000\040\000d\000e\000s\000c\000r\000i\000p\000t\000i\000o\000n}{chapter.125}% 15
\BOOKMARK [1][-]{section.127}{\376\377\000V\000e\000h\000i\000c\000l\000e\000\040\000P\000a\000r\000a\000m\000e\000t\000e\000r\000s\000\040\000a\000n\000d\000\040\000N\000u\000m\000e\000r\000i\000c\000a\000l\000\040\000S\000e\000t\000u\000p}{chapter.125}% 16
\BOOKMARK [2][-]{subsection.128}{\376\377\000M\000a\000s\000s\000\040\000a\000n\000d\000\040\000G\000e\000o\000m\000e\000t\000r\000y}{section.127}% 17
\BOOKMARK [2][-]{subsection.130}{\376\377\000S\000u\000s\000p\000e\000n\000s\000i\000o\000n\000\040\000a\000n\000d\000\040\000T\000i\000r\000e\000\040\000C\000h\000a\000r\000a\000c\000t\000e\000r\000i\000s\000t\000i\000c\000s}{section.127}% 18
\BOOKMARK [2][-]{subsection.131}{\376\377\000A\000n\000t\000i\000-\000P\000i\000t\000c\000h\000\040\000G\000e\000o\000m\000e\000t\000r\000y}{section.127}% 19
\BOOKMARK [0][-]{chapter.133}{\376\377\000C\000o\000n\000t\000r\000o\000l\000\040\000D\000e\000s\000i\000g\000n}{}% 20
\BOOKMARK [1][-]{section.134}{\376\377\000P\000r\000o\000p\000o\000s\000e\000d\000\040\000C\000o\000n\000t\000r\000o\000l\000\040\000A\000r\000c\000h\000i\000t\000e\000c\000t\000u\000r\000e}{chapter.133}% 21
\BOOKMARK [2][-]{subsection.139}{\376\377\000D\000e\000s\000i\000g\000n\000\040\000C\000h\000o\000i\000c\000e\000:\000\040\000I\000m\000p\000l\000i\000c\000i\000t\000\040\000D\000i\000s\000t\000u\000r\000b\000a\000n\000c\000e\000\040\000R\000e\000j\000e\000c\000t\000i\000o\000n\000\040\000v\000s\000.\000\040\000E\000x\000p\000l\000i\000c\000i\000t\000\040\000F\000e\000e\000d\000-\000F\000o\000r\000w\000a\000r\000d}{section.134}% 22
\BOOKMARK [1][-]{section.142}{\376\377\000A\000r\000c\000h\000i\000t\000e\000t\000t\000u\000r\000a\000\040\000d\000i\000\040\000C\000o\000n\000t\000r\000o\000l\000l\000o\000\040\000L\000Q\000R\000-\000P\000I\000D\000\040\000A\000u\000m\000e\000n\000t\000a\000t\000a}{chapter.133}% 23
\BOOKMARK [2][-]{subsection.143}{\376\377\000A\000u\000g\000m\000e\000n\000t\000e\000d\000\040\000S\000y\000s\000t\000e\000m\000\040\000a\000n\000d\000\040\000L\000Q\000R\000\040\000S\000y\000n\000t\000h\000e\000s\000i\000s}{section.142}% 24
\BOOKMARK [1][-]{section.146}{\376\377\000S\000t\000a\000t\000e\000\040\000E\000s\000t\000i\000m\000a\000t\000i\000o\000n\000:\000\040\000O\000p\000t\000i\000m\000a\000l\000\040\000K\000a\000l\000m\000a\000n\000\040\000F\000i\000l\000t\000e\000r\000\040\000T\000h\000e\000o\000r\000y}{chapter.133}% 25
\BOOKMARK [2][-]{subsection.147}{\376\377\000S\000t\000o\000c\000h\000a\000s\000t\000i\000c\000\040\000F\000o\000r\000m\000u\000l\000a\000t\000i\000o\000n\000\040\000a\000n\000d\000\040\000\040\000D\000i\000s\000t\000u\000r\000b\000a\000n\000c\000e\000s}{section.146}% 26
\BOOKMARK [2][-]{subsection.149}{\376\377\000O\000b\000s\000e\000r\000v\000e\000r\000\040\000D\000y\000n\000a\000m\000i\000c\000s\000\040\000a\000n\000d\000\040\000I\000n\000n\000o\000v\000a\000t\000i\000o\000n}{section.146}% 27
\BOOKMARK [2][-]{subsection.151}{\376\377\000R\000o\000a\000d\000\040\000P\000r\000o\000f\000i\000l\000e\000\040\000R\000e\000c\000o\000n\000s\000t\000r\000u\000c\000t\000i\000o\000n\000\040\000\050\000D\000i\000s\000t\000u\000r\000b\000a\000n\000c\000e\000\040\000O\000b\000s\000e\000r\000v\000a\000t\000i\000o\000n\000\051}{section.146}% 28
\BOOKMARK [2][-]{subsection.152}{\376\377\000S\000t\000a\000b\000i\000l\000i\000t\000y\000\040\000o\000f\000\040\000t\000h\000e\000\040\000O\000b\000s\000e\000r\000v\000e\000r}{section.146}% 29
\BOOKMARK [1][-]{section.153}{\376\377\000\040\000m\000o\000d\000e\000l\000i\000n\000g\000\040\000o\000f\000\040\000A\000n\000t\000i\000-\000D\000i\000v\000e\000\040\000a\000n\000d\000\040\000A\000n\000t\000i\000-\000S\000q\000u\000a\000t\000\040\000G\000e\000o\000m\000e\000t\000r\000y}{chapter.133}% 30
\BOOKMARK [2][-]{subsection.154}{\376\377\000G\000e\000o\000m\000e\000t\000r\000i\000c\000\040\000F\000o\000r\000c\000e\000s\000\040\000D\000e\000f\000i\000n\000i\000t\000i\000o\000n}{section.153}% 31
\BOOKMARK [2][-]{subsection.157}{\376\377\000M\000o\000d\000i\000f\000i\000e\000d\000\040\000E\000q\000u\000a\000t\000i\000o\000n\000s\000\040\000o\000f\000\040\000M\000o\000t\000i\000o\000n}{section.153}% 32
\BOOKMARK [2][-]{subsection.162}{\376\377\000I\000m\000p\000a\000c\000t\000\040\000o\000n\000\040\000L\000i\000n\000e\000a\000r\000i\000z\000a\000t\000i\000o\000n}{section.153}% 33
\BOOKMARK [1][-]{section.163}{\376\377\000C\000o\000n\000t\000r\000o\000l\000\040\000S\000t\000r\000a\000t\000e\000g\000y\000:\000\040\000L\000Q\000R\000\040\000w\000i\000t\000h\000\040\000I\000n\000t\000e\000g\000r\000a\000l\000\040\000A\000c\000t\000i\000o\000n\000\040\000\050\000L\000Q\000R\000-\000P\000I\000D\000\051}{chapter.133}% 34
\BOOKMARK [2][-]{subsection.164}{\376\377\000A\000u\000g\000m\000e\000n\000t\000e\000d\000\040\000S\000y\000s\000t\000e\000m\000\040\000S\000t\000a\000t\000e\000-\000S\000p\000a\000c\000e\000\040\000R\000e\000p\000r\000e\000s\000e\000n\000t\000a\000t\000i\000o\000n}{section.163}% 35
\BOOKMARK [2][-]{subsection.167}{\376\377\000O\000p\000t\000i\000m\000a\000l\000\040\000C\000o\000n\000t\000r\000o\000l\000\040\000L\000a\000w\000\040\000a\000n\000d\000\040\000T\000u\000n\000i\000n\000g}{section.163}% 36
\BOOKMARK [2][-]{subsection.169}{\376\377\000S\000t\000a\000t\000e\000\040\000E\000s\000t\000i\000m\000a\000t\000i\000o\000n\000:\000\040\000K\000a\000l\000m\000a\000n\000\040\000F\000i\000l\000t\000e\000r}{section.163}% 37
\BOOKMARK [2][-]{subsection.171}{\376\377\000L\000i\000n\000e\000a\000r\000\040\000v\000s\000.\000\040\000N\000o\000n\000-\000L\000i\000n\000e\000a\000r\000\040\000I\000m\000p\000l\000e\000m\000e\000n\000t\000a\000t\000i\000o\000n}{section.163}% 38
\BOOKMARK [1][-]{section.172}{\376\377\000N\000u\000m\000e\000r\000i\000c\000a\000l\000\040\000C\000o\000n\000t\000r\000o\000l\000\040\000D\000e\000s\000i\000g\000n\000\040\000A\000n\000a\000l\000y\000s\000i\000s}{chapter.133}% 39
\BOOKMARK [2][-]{subsection.173}{\376\377\000A\000u\000g\000m\000e\000n\000t\000e\000d\000\040\000S\000y\000s\000t\000e\000m\000\040\000D\000y\000n\000a\000m\000i\000c\000s}{section.172}% 40
\BOOKMARK [2][-]{subsection.176}{\376\377\000O\000p\000t\000i\000m\000a\000l\000\040\000L\000Q\000R\000\040\000G\000a\000i\000n\000s\000\040\000A\000n\000a\000l\000y\000s\000i\000s}{section.172}% 41
\BOOKMARK [2][-]{subsection.181}{\376\377\000S\000t\000a\000t\000e\000\040\000E\000s\000t\000i\000m\000a\000t\000i\000o\000n\000\040\000a\000n\000d\000\040\000R\000o\000a\000d\000\040\000P\000r\000o\000f\000i\000l\000e\000\040\000R\000e\000c\000o\000n\000s\000t\000r\000u\000c\000t\000i\000o\000n}{section.172}% 42
\BOOKMARK [1][-]{section.183}{\376\377\000M\000e\000t\000r\000i\000c\000h\000e\000\040\000d\000i\000\040\000P\000e\000r\000f\000o\000r\000m\000a\000n\000c\000e}{chapter.133}% 43
\BOOKMARK [1][-]{section.184}{\376\377\000A\000n\000a\000l\000i\000s\000i\000\040\000R\000i\000s\000u\000l\000t\000a\000t\000i\000\040\000\050\000R\000i\000s\000u\000l\000t\000a\000t\000i\000\040\000A\000t\000t\000e\000s\000i\000\051}{chapter.133}% 44
\BOOKMARK [2][-]{subsection.185}{\376\377\000R\000i\000s\000p\000o\000s\000t\000a\000\040\000a\000l\000\040\000B\000u\000m\000p}{section.184}% 45
\BOOKMARK [2][-]{subsection.186}{\376\377\000E\000f\000f\000e\000t\000t\000o\000\040\000A\000n\000t\000i\000-\000D\000i\000v\000e\000\040\000e\000\040\000A\000n\000t\000i\000-\000S\000q\000u\000a\000t}{section.184}% 46
\BOOKMARK [2][-]{subsection.187}{\376\377\000R\000o\000b\000u\000s\000t\000e\000z\000z\000a\000\040\000a\000l\000\040\000R\000u\000m\000o\000r\000e}{section.184}% 47
\BOOKMARK [1][-]{section.188}{\376\377\000S\000i\000m\000u\000l\000a\000t\000i\000o\000n\000\040\000r\000e\000s\000u\000l\000t\000s}{chapter.133}% 48
\BOOKMARK [0][-]{chapter.189}{\376\377\000C\000o\000n\000c\000l\000u\000s\000i\000o\000n\000s\000\040\000a\000n\000d\000\040\000f\000u\000r\000t\000h\000e\000r\000\040\000i\000n\000v\000e\000s\000t\000i\000g\000a\000t\000i\000o\000n}{}% 49
